<?xml version="1.0" encoding="UTF-8"?>
<testng-results skipped="1" failed="0" total="2" passed="1">
  <reporter-output>
  </reporter-output>
  <suite name="Suite" duration-ms="49194" started-at="2020-12-12T07:08:31Z" finished-at="2020-12-12T07:09:20Z">
    <groups>
      <group name="cucumber">
        <method signature="AbstractTestNGCucumberTests.feature(cucumber.api.testng.CucumberFeatureWrapper)[pri:0, instance:RunnerPack.elearnRun@5b464ce8]" name="feature" class="cucumber.api.testng.AbstractTestNGCucumberTests"/>
      </group> <!-- cucumber -->
      <group name="Cucumber">
        <method signature="elearnRun.scenario(cucumber.api.testng.CucumberFeatureWrapper)[pri:0, instance:RunnerPack.elearnRun@5b464ce8]" name="scenario" class="RunnerPack.elearnRun"/>
      </group> <!-- Cucumber -->
    </groups>
    <test name="Test" duration-ms="49194" started-at="2020-12-12T07:08:31Z" finished-at="2020-12-12T07:09:20Z">
      <class name="RunnerPack.elearnRun">
        <test-method status="PASS" signature="setUpClass()[pri:0, instance:RunnerPack.elearnRun@5b464ce8]" name="setUpClass" is-config="true" duration-ms="653" started-at="2020-12-12T01:08:31Z" finished-at="2020-12-12T01:08:32Z">
          <reporter-output>
          </reporter-output>
        </test-method> <!-- setUpClass -->
        <test-method status="SKIP" signature="feature(cucumber.api.testng.CucumberFeatureWrapper)[pri:0, instance:RunnerPack.elearnRun@5b464ce8]" name="feature" duration-ms="0" started-at="2020-12-12T01:08:32Z" description="Runs Cucumber Feature" data-provider="features" finished-at="2020-12-12T01:08:32Z">
          <exception class="java.lang.RuntimeException">
            <message>
              <![CDATA[java.lang.NullPointerException]]>
            </message>
            <full-stacktrace>
              <![CDATA[java.lang.RuntimeException: java.lang.NullPointerException
	at org.testng.internal.MethodInvocationHelper.invokeDataProvider(MethodInvocationHelper.java:162)
	at org.testng.internal.Parameters.handleParameters(Parameters.java:430)
	at org.testng.internal.Invoker.handleParameters(Invoker.java:1270)
	at org.testng.internal.Invoker.createParameters(Invoker.java:985)
	at org.testng.internal.Invoker.invokeTestMethods(Invoker.java:1075)
	at org.testng.internal.TestMethodWorker.invokeTestMethods(TestMethodWorker.java:125)
	at org.testng.internal.TestMethodWorker.run(TestMethodWorker.java:108)
	at org.testng.TestRunner.privateRun(TestRunner.java:774)
	at org.testng.TestRunner.run(TestRunner.java:624)
	at org.testng.SuiteRunner.runTest(SuiteRunner.java:359)
	at org.testng.SuiteRunner.runSequentially(SuiteRunner.java:354)
	at org.testng.SuiteRunner.privateRun(SuiteRunner.java:312)
	at org.testng.SuiteRunner.run(SuiteRunner.java:261)
	at org.testng.SuiteRunnerWorker.runSuite(SuiteRunnerWorker.java:52)
	at org.testng.SuiteRunnerWorker.run(SuiteRunnerWorker.java:86)
	at org.testng.TestNG.runSuitesSequentially(TestNG.java:1215)
	at org.testng.TestNG.runSuitesLocally(TestNG.java:1140)
	at org.testng.TestNG.run(TestNG.java:1048)
	at org.testng.remote.RemoteTestNG.run(RemoteTestNG.java:112)
	at org.testng.remote.RemoteTestNG.initAndRun(RemoteTestNG.java:205)
	at org.testng.remote.RemoteTestNG.main(RemoteTestNG.java:176)
Caused by: java.lang.NullPointerException
	at cucumber.api.testng.AbstractTestNGCucumberTests.features(AbstractTestNGCucumberTests.java:29)
	at sun.reflect.NativeMethodAccessorImpl.invoke0(Native Method)
	at sun.reflect.NativeMethodAccessorImpl.invoke(NativeMethodAccessorImpl.java:62)
	at sun.reflect.DelegatingMethodAccessorImpl.invoke(DelegatingMethodAccessorImpl.java:43)
	at java.lang.reflect.Method.invoke(Method.java:498)
	at org.testng.internal.MethodInvocationHelper.invokeMethod(MethodInvocationHelper.java:85)
	at org.testng.internal.MethodInvocationHelper.invokeDataProvider(MethodInvocationHelper.java:136)
	... 20 more
]]>
            </full-stacktrace>
          </exception> <!-- java.lang.RuntimeException -->
          <reporter-output>
          </reporter-output>
        </test-method> <!-- feature -->
        <test-method status="PASS" signature="scenario(cucumber.api.testng.CucumberFeatureWrapper)[pri:0, instance:RunnerPack.elearnRun@5b464ce8]" name="scenario" duration-ms="48305" started-at="2020-12-12T01:08:32Z" description="Runs Cucumber Feature" data-provider="scenarios" finished-at="2020-12-12T01:09:20Z">
          <params>
            <param index="0">
              <value>
                <![CDATA[To create and validate a new user created in E-learn application]]>
              </value>
            </param>
          </params>
          <reporter-output>
          </reporter-output>
        </test-method> <!-- scenario -->
        <test-method status="PASS" signature="tearDownClass()[pri:0, instance:RunnerPack.elearnRun@5b464ce8]" name="tearDownClass" is-config="true" duration-ms="15" started-at="2020-12-12T01:09:20Z" finished-at="2020-12-12T01:09:20Z">
          <reporter-output>
          </reporter-output>
        </test-method> <!-- tearDownClass -->
      </class> <!-- RunnerPack.elearnRun -->
    </test> <!-- Test -->
  </suite> <!-- Suite -->
</testng-results>
